<?xml version="1.0" encoding="UTF-8"?>
<!-- Generated by org.testng.reporters.JUnitReportReporter -->
<testsuite hostname="CHRMAM01104" failures="0" tests="11" name="Tests.T_1_Add_to_Cart_With_Logged_User" time="131.744" errors="0" timestamp="2021-05-11T13:39:31 CEST" skipped="0">
  <testcase classname="Tests.T_1_Add_to_Cart_With_Logged_User" name="Login" time="29.898"/>
  <system-out/>
  <testcase classname="Tests.T_1_Add_to_Cart_With_Logged_User" name="SearchPhone" time="2.255"/>
  <system-out/>
  <testcase classname="Tests.T_1_Add_to_Cart_With_Logged_User" name="selectAndVerifyFilter" time="42.153"/>
  <system-out/>
  <testcase classname="Tests.T_1_Add_to_Cart_With_Logged_User" name="NavigateAndVerifySecondPage" time="11.418"/>
  <system-out/>
  <testcase classname="Tests.T_1_Add_to_Cart_With_Logged_User" name="SelectFifthProduct" time="17.073"/>
  <system-out/>
  <testcase classname="Tests.T_1_Add_to_Cart_With_Logged_User" name="LikeProductAndVerifyPopUp" time="3.539"/>
  <system-out/>
  <testcase classname="Tests.T_1_Add_to_Cart_With_Logged_User" name="NavigateToMyFavoritesPage" time="10.992"/>
  <system-out/>
  <testcase classname="Tests.T_1_Add_to_Cart_With_Logged_User" name="AddtoCart" time="1.190"/>
  <system-out/>
  <testcase classname="Tests.T_1_Add_to_Cart_With_Logged_User" name="NavigateToCheckoutPage" time="11.091"/>
  <system-out/>
  <testcase classname="Tests.T_1_Add_to_Cart_With_Logged_User" name="DeleteProduct" time="0.397"/>
  <system-out/>
  <testcase classname="Tests.T_1_Add_to_Cart_With_Logged_User" name="ValidateDeleteProduct" time="1.738"/>
  <system-out/>
</testsuite> <!-- Tests.T_1_Add_to_Cart_With_Logged_User -->
